[31m

processing file: index.qmd
[39m1/47                   
2/47 [unnamed-chunk-1] 
3/47                   
4/47 [unnamed-chunk-2] 
5/47                   
6/47 [unnamed-chunk-3] 
7/47                   
8/47 [unnamed-chunk-4] 
9/47                   
10/47 [unnamed-chunk-5] 
11/47                   
12/47 [unnamed-chunk-6] 
13/47                   
14/47 [unnamed-chunk-7] 
15/47                   
16/47 [unnamed-chunk-8] 
17/47                   
18/47 [unnamed-chunk-9] 
19/47                   
20/47 [unnamed-chunk-10]
21/47                   
22/47 [unnamed-chunk-11]
23/47                   
24/47 [unnamed-chunk-12]
25/47                   
26/47 [unnamed-chunk-13]
27/47                   
28/47 [unnamed-chunk-14]
29/47                   
30/47 [unnamed-chunk-15]
31/47                   
32/47 [unnamed-chunk-16]
33/47                   
34/47 [unnamed-chunk-17]
35/47                   
36/47 [unnamed-chunk-18]
37/47                   
38/47 [unnamed-chunk-19]
39/47                   
40/47 [unnamed-chunk-20]
41/47                   
42/47 [unnamed-chunk-21]
43/47                   
44/47 [unnamed-chunk-22]
45/47                   
46/47 [unnamed-chunk-23]
47/47                   
[31moutput file: index.knit.md

[39m[1mpandoc [22m
  to: html
  output-file: index.html
  template: /Applications/quarto/share/formats/dashboard/template.html
  standalone: true
  self-contained: true
  section-divs: true
  html-math-method: mathjax
  wrap: none
  default-image-extension: png
  
[1mmetadata[22m
  document-css: false
  link-citations: true
  date-format: long
  lang: en
  page-layout: custom
  title: eREC Monitoring
  author: '`r Sys.time()`'
  date: '`r Sys.Date()`'
  sidebar: true
  navbar: true
  width: 240
  
Output created: index.html

Render successful at Fri 28 Jun 2024 14:14:30 BST
[main 4b14728] Automated render and push
 4 files changed, 160 insertions(+), 42 deletions(-)
 create mode 100644 dashboard/render.log
 create mode 100644 dashboard/render_and_push.log
 create mode 100644 dashboard/render_dashboard_and_push.sh
To https://github.com/chrissyhroberts/eREC_Visual_Acuity_Tropical_Data.git
   92b07f2..4b14728  main -> main
[31m

processing file: index.qmd
[39m1/47                   
2/47 [unnamed-chunk-1] 
3/47                   
4/47 [unnamed-chunk-2] 
5/47                   
6/47 [unnamed-chunk-3] 
7/47                   
8/47 [unnamed-chunk-4] 
9/47                   
10/47 [unnamed-chunk-5] 
11/47                   
12/47 [unnamed-chunk-6] 
13/47                   
14/47 [unnamed-chunk-7] 
15/47                   
16/47 [unnamed-chunk-8] 
17/47                   
18/47 [unnamed-chunk-9] 
19/47                   
20/47 [unnamed-chunk-10]
21/47                   
22/47 [unnamed-chunk-11]
23/47                   
24/47 [unnamed-chunk-12]
25/47                   
26/47 [unnamed-chunk-13]
27/47                   
28/47 [unnamed-chunk-14]
29/47                   
30/47 [unnamed-chunk-15]
31/47                   
32/47 [unnamed-chunk-16]
33/47                   
34/47 [unnamed-chunk-17]
35/47                   
36/47 [unnamed-chunk-18]
37/47                   
38/47 [unnamed-chunk-19]
39/47                   
40/47 [unnamed-chunk-20]
41/47                   
42/47 [unnamed-chunk-21]
43/47                   
44/47 [unnamed-chunk-22]
45/47                   
46/47 [unnamed-chunk-23]
47/47                   
[31moutput file: index.knit.md

[39m[1mpandoc [22m
  to: html
  output-file: index.html
  template: /Applications/quarto/share/formats/dashboard/template.html
  standalone: true
  self-contained: true
  section-divs: true
  html-math-method: mathjax
  wrap: none
  default-image-extension: png
  
[1mmetadata[22m
  document-css: false
  link-citations: true
  date-format: long
  lang: en
  page-layout: custom
  title: eREC Monitoring
  author: '`r Sys.time()`'
  date: '`r Sys.Date()`'
  sidebar: true
  navbar: true
  width: 240
  
Output created: index.html

Render successful at Fri 28 Jun 2024 14:15:32 BST
